This is XeTeX, Version 3.14159265-2.6-0.999991 (TeX Live 2019/Arch Linux) (preloaded format=xelatex 2020.5.5)  19 MAY 2020 22:26
entering extended mode
 \write18 enabled.
 %&-line parsing enabled.
**/home/rem/Study/Code/LaTeX/ssd7_experiments/ssd7.tex
(/home/rem/Study/Code/LaTeX/ssd7_experiments/ssd7.tex
LaTeX2e <2019-10-01> patch level 1
(/usr/share/texmf-dist/tex/latex/base/report.cls
Document Class: report 2019/08/27 v1.4j Standard LaTeX document class
(/usr/share/texmf-dist/tex/latex/base/size12.clo
File: size12.clo 2019/08/27 v1.4j Standard LaTeX file (size option)
)
\c@part=\count80
\c@chapter=\count81
\c@section=\count82
\c@subsection=\count83
\c@subsubsection=\count84
\c@paragraph=\count85
\c@subparagraph=\count86
\c@figure=\count87
\c@table=\count88
\abovecaptionskip=\skip41
\belowcaptionskip=\skip42
\bibindent=\dimen102
) (/usr/share/texmf-dist/tex/latex/ctex/ctex.sty (/usr/share/texmf-dist/tex/latex/l3kernel/expl3.sty
Package: expl3 2019-10-28 L3 programming layer (loader) 
 (/usr/share/texmf-dist/tex/latex/l3kernel/expl3-code.tex
Package: expl3 2019-10-28 L3 programming layer (code)
\c_max_int=\count89
\l_tmpa_int=\count90
\l_tmpb_int=\count91
\g_tmpa_int=\count92
\g_tmpb_int=\count93
\l__seq_internal_a_int=\count94
\l__seq_internal_b_int=\count95
\g__kernel_prg_map_int=\count96
\c__ior_term_noprompt_ior=\count97
\c_log_iow=\count98
\l_iow_line_count_int=\count99
\l__iow_line_target_int=\count100
\l__iow_one_indent_int=\count101
\l__iow_indent_int=\count102
\c_zero_dim=\dimen103
\c_max_dim=\dimen104
\l_tmpa_dim=\dimen105
\l_tmpb_dim=\dimen106
\g_tmpa_dim=\dimen107
\g_tmpb_dim=\dimen108
\c_zero_skip=\skip43
\c_max_skip=\skip44
\l_tmpa_skip=\skip45
\l_tmpb_skip=\skip46
\g_tmpa_skip=\skip47
\g_tmpb_skip=\skip48
\c_zero_muskip=\muskip10
\c_max_muskip=\muskip11
\l_tmpa_muskip=\muskip12
\l_tmpb_muskip=\muskip13
\g_tmpa_muskip=\muskip14
\g_tmpb_muskip=\muskip15
\l_keys_choice_int=\count103
\l__intarray_loop_int=\count104
\c__intarray_sp_dim=\dimen109
\g__intarray_font_int=\count105
\c__fp_leading_shift_int=\count106
\c__fp_middle_shift_int=\count107
\c__fp_trailing_shift_int=\count108
\c__fp_big_leading_shift_int=\count109
\c__fp_big_middle_shift_int=\count110
\c__fp_big_trailing_shift_int=\count111
\c__fp_Bigg_leading_shift_int=\count112
\c__fp_Bigg_middle_shift_int=\count113
\c__fp_Bigg_trailing_shift_int=\count114
\g__fp_array_int=\count115
\l__fp_array_loop_int=\count116
\l__sort_length_int=\count117
\l__sort_min_int=\count118
\l__sort_top_int=\count119
\l__sort_max_int=\count120
\l__sort_true_max_int=\count121
\l__sort_block_int=\count122
\l__sort_begin_int=\count123
\l__sort_end_int=\count124
\l__sort_A_int=\count125
\l__sort_B_int=\count126
\l__sort_C_int=\count127
\l__str_internal_int=\count128
\l__tl_analysis_normal_int=\count129
\l__tl_analysis_index_int=\count130
\l__tl_analysis_nesting_int=\count131
\l__tl_analysis_type_int=\count132
\l__regex_internal_a_int=\count133
\l__regex_internal_b_int=\count134
\l__regex_internal_c_int=\count135
\l__regex_balance_int=\count136
\l__regex_group_level_int=\count137
\l__regex_mode_int=\count138
\c__regex_cs_in_class_mode_int=\count139
\c__regex_cs_mode_int=\count140
\l__regex_catcodes_int=\count141
\l__regex_default_catcodes_int=\count142
\c__regex_catcode_L_int=\count143
\c__regex_catcode_O_int=\count144
\c__regex_catcode_A_int=\count145
\c__regex_all_catcodes_int=\count146
\l__regex_show_lines_int=\count147
\l__regex_min_state_int=\count148
\l__regex_max_state_int=\count149
\l__regex_left_state_int=\count150
\l__regex_right_state_int=\count151
\l__regex_capturing_group_int=\count152
\l__regex_min_pos_int=\count153
\l__regex_max_pos_int=\count154
\l__regex_curr_pos_int=\count155
\l__regex_start_pos_int=\count156
\l__regex_success_pos_int=\count157
\l__regex_curr_char_int=\count158
\l__regex_curr_catcode_int=\count159
\l__regex_last_char_int=\count160
\l__regex_case_changed_char_int=\count161
\l__regex_curr_state_int=\count162
\l__regex_step_int=\count163
\l__regex_min_active_int=\count164
\l__regex_max_active_int=\count165
\l__regex_replacement_csnames_int=\count166
\l__regex_match_count_int=\count167
\l__regex_min_submatch_int=\count168
\l__regex_submatch_int=\count169
\l__regex_zeroth_submatch_int=\count170
\g__regex_trace_regex_int=\count171
\c_empty_box=\box27
\l_tmpa_box=\box28
\l_tmpb_box=\box29
\g_tmpa_box=\box30
\g_tmpb_box=\box31
\l__box_top_dim=\dimen110
\l__box_bottom_dim=\dimen111
\l__box_left_dim=\dimen112
\l__box_right_dim=\dimen113
\l__box_top_new_dim=\dimen114
\l__box_bottom_new_dim=\dimen115
\l__box_left_new_dim=\dimen116
\l__box_right_new_dim=\dimen117
\l__box_internal_box=\box32
\l__coffin_internal_box=\box33
\l__coffin_internal_dim=\dimen118
\l__coffin_offset_x_dim=\dimen119
\l__coffin_offset_y_dim=\dimen120
\l__coffin_x_dim=\dimen121
\l__coffin_y_dim=\dimen122
\l__coffin_x_prime_dim=\dimen123
\l__coffin_y_prime_dim=\dimen124
\c_empty_coffin=\box34
\l__coffin_aligned_coffin=\box35
\l__coffin_aligned_internal_coffin=\box36
\l_tmpa_coffin=\box37
\l_tmpb_coffin=\box38
\g_tmpa_coffin=\box39
\g_tmpb_coffin=\box40
\l__coffin_bounding_shift_dim=\dimen125
\l__coffin_left_corner_dim=\dimen126
\l__coffin_right_corner_dim=\dimen127
\l__coffin_bottom_corner_dim=\dimen128
\l__coffin_top_corner_dim=\dimen129
\l__coffin_scaled_total_height_dim=\dimen130
\l__coffin_scaled_width_dim=\dimen131
\c__coffin_empty_coffin=\box41
\l__coffin_display_coffin=\box42
\l__coffin_display_coord_coffin=\box43
\l__coffin_display_pole_coffin=\box44
\l__coffin_display_offset_dim=\dimen132
\l__coffin_display_x_dim=\dimen133
\l__coffin_display_y_dim=\dimen134
\g__char_data_ior=\read1
 (/usr/share/texmf-dist/tex/latex/l3kernel/l3deprecation.def
File: l3deprecation.def 2019-04-06 v L3 Deprecated functions
)) (/usr/share/texmf-dist/tex/latex/l3backend/l3backend-xdvipdfmx.def
File: l3backend-xdvipdfmx.def 2019-04-06 L3 backend support: xdvipdfmx
\g__graphics_track_int=\count172
\l__pdf_internal_box=\box45
\g__pdf_backend_object_int=\count173
\g__pdf_backend_annotation_int=\count174
))
Package: ctex 2019/05/29 v2.4.16 Chinese adapter in LaTeX (CTEX)
 (/usr/share/texmf-dist/tex/latex/l3packages/xparse/xparse.sty
Package: xparse 2019-10-11 L3 Experimental document command parser
\l__xparse_current_arg_int=\count175
\g__xparse_grabber_int=\count176
\l__xparse_m_args_int=\count177
\l__xparse_v_nesting_int=\count178
) (/usr/share/texmf-dist/tex/latex/l3packages/l3keys2e/l3keys2e.sty
Package: l3keys2e 2019-10-11 LaTeX2e option processing using LaTeX3 keys
) (/usr/share/texmf-dist/tex/latex/ctex/ctexhook.sty
Package: ctexhook 2019/05/29 v2.4.16 Document and package hooks (CTEX)
) (/usr/share/texmf-dist/tex/latex/ctex/ctexpatch.sty
Package: ctexpatch 2019/05/29 v2.4.16 Patching commands (CTEX)
) (/usr/share/texmf-dist/tex/latex/base/fix-cm.sty
Package: fix-cm 2015/01/14 v1.1t fixes to LaTeX
 (/usr/share/texmf-dist/tex/latex/base/ts1enc.def
File: ts1enc.def 2001/06/05 v3.0e (jk/car/fm) Standard LaTeX file
)) (/usr/share/texmf-dist/tex/latex/ms/everysel.sty
Package: everysel 2011/10/28 v1.2 EverySelectfont Package (MS)
)
\l__ctex_tmp_int=\count179
\l__ctex_tmp_box=\box46
\l__ctex_tmp_dim=\dimen135
\g__ctex_section_depth_int=\count180
\g__ctex_font_size_int=\count181
 (/usr/share/texmf-dist/tex/latex/ctex/config/ctexopts.cfg
File: ctexopts.cfg 2019/05/29 v2.4.16 Option configuration file (CTEX)
) (/usr/share/texmf-dist/tex/latex/ctex/engine/ctex-engine-xetex.def
File: ctex-engine-xetex.def 2019/05/29 v2.4.16 XeLaTeX adapter (CTEX)
 (/usr/share/texmf-dist/tex/xelatex/xecjk/xeCJK.sty
Package: xeCJK 2019/06/02 v3.7.4 Typesetting CJK scripts with XeLaTeX
 (/usr/share/texmf-dist/tex/latex/l3packages/xtemplate/xtemplate.sty
Package: xtemplate 2019-10-11 L3 Experimental prototype document functions
\l__xtemplate_tmp_dim=\dimen136
\l__xtemplate_tmp_int=\count182
\l__xtemplate_tmp_muskip=\muskip16
\l__xtemplate_tmp_skip=\skip49
)
\l__xeCJK_tmp_int=\count183
\l__xeCJK_tmp_box=\box47
\l__xeCJK_tmp_dim=\dimen137
\l__xeCJK_tmp_skip=\skip50
\g__xeCJK_space_factor_int=\count184
\l__xeCJK_begin_int=\count185
\l__xeCJK_end_int=\count186
\c__xeCJK_CJK_class_int=\XeTeXcharclass1
\c__xeCJK_FullLeft_class_int=\XeTeXcharclass2
\c__xeCJK_FullRight_class_int=\XeTeXcharclass3
\c__xeCJK_HalfLeft_class_int=\XeTeXcharclass4
\c__xeCJK_HalfRight_class_int=\XeTeXcharclass5
\c__xeCJK_NormalSpace_class_int=\XeTeXcharclass6
\c__xeCJK_CM_class_int=\XeTeXcharclass7
\c__xeCJK_HangulJamo_class_int=\XeTeXcharclass8
\l__xeCJK_last_skip=\skip51
\g__xeCJK_node_int=\count187
\c__xeCJK_CJK_node_dim=\dimen138
\c__xeCJK_CJK-space_node_dim=\dimen139
\c__xeCJK_default_node_dim=\dimen140
\c__xeCJK_default-space_node_dim=\dimen141
\c__xeCJK_CJK-widow_node_dim=\dimen142
\c__xeCJK_normalspace_node_dim=\dimen143
\l__xeCJK_ccglue_skip=\skip52
\l__xeCJK_ecglue_skip=\skip53
\l__xeCJK_punct_kern_skip=\skip54
\l__xeCJK_last_penalty_int=\count188
\l__xeCJK_last_bound_dim=\dimen144
\l__xeCJK_last_kern_dim=\dimen145
\l__xeCJK_widow_penalty_int=\count189

Package xtemplate Info: Declaring object type 'xeCJK/punctuation' taking 0
(xtemplate)             argument(s) on line 2323.

\l__xeCJK_fixed_punct_width_dim=\dimen146
\l__xeCJK_mixed_punct_width_dim=\dimen147
\l__xeCJK_middle_punct_width_dim=\dimen148
\l__xeCJK_fixed_margin_width_dim=\dimen149
\l__xeCJK_mixed_margin_width_dim=\dimen150
\l__xeCJK_middle_margin_width_dim=\dimen151
\l__xeCJK_bound_punct_width_dim=\dimen152
\l__xeCJK_bound_margin_width_dim=\dimen153
\l__xeCJK_margin_minimum_dim=\dimen154
\l__xeCJK_kerning_total_width_dim=\dimen155
\l__xeCJK_same_align_margin_dim=\dimen156
\l__xeCJK_different_align_margin_dim=\dimen157
\l__xeCJK_kerning_margin_width_dim=\dimen158
\l__xeCJK_kerning_margin_minimum_dim=\dimen159
\l__xeCJK_bound_dim=\dimen160
\l__xeCJK_reverse_bound_dim=\dimen161
\l__xeCJK_margin_dim=\dimen162
\l__xeCJK_minimum_bound_dim=\dimen163
\l__xeCJK_kerning_margin_dim=\dimen164
\g__xeCJK_family_int=\count190
\l__xeCJK_fam_int=\count191
\g__xeCJK_fam_allocation_int=\count192
\l__xeCJK_verb_case_int=\count193
\l__xeCJK_verb_exspace_skip=\skip55
 (/usr/share/texmf-dist/tex/latex/fontspec/fontspec.sty
Package: fontspec 2019/10/19 v2.7d Font selection for XeLaTeX and LuaLaTeX
 (/usr/share/texmf-dist/tex/latex/fontspec/fontspec-xetex.sty
Package: fontspec-xetex 2019/10/19 v2.7d Font selection for XeLaTeX and LuaLaTeX
\l__fontspec_script_int=\count194
\l__fontspec_language_int=\count195
\l__fontspec_strnum_int=\count196
\l__fontspec_tmp_int=\count197
\l__fontspec_tmpa_int=\count198
\l__fontspec_tmpb_int=\count199
\l__fontspec_tmpc_int=\count266
\l__fontspec_em_int=\count267
\l__fontspec_emdef_int=\count268
\l__fontspec_strong_int=\count269
\l__fontspec_strongdef_int=\count270
\l__fontspec_tmpa_dim=\dimen165
\l__fontspec_tmpb_dim=\dimen166
\l__fontspec_tmpc_dim=\dimen167
 (/usr/share/texmf-dist/tex/latex/base/fontenc.sty
Package: fontenc 2018/08/11 v2.0j Standard LaTeX package
 (/usr/share/texmf-dist/tex/latex/base/tuenc.def
File: tuenc.def 2018/08/11 v2.0j Standard LaTeX file
LaTeX Font Info:    Redeclaring font encoding TU on input line 82.
)) (/usr/share/texmf-dist/tex/latex/fontspec/fontspec.cfg)
LaTeX Info: Redefining \itshape on input line 4047.
LaTeX Info: Redefining \slshape on input line 4052.
LaTeX Info: Redefining \scshape on input line 4057.
LaTeX Info: Redefining \upshape on input line 4062.
LaTeX Info: Redefining \em on input line 4092.
LaTeX Info: Redefining \emph on input line 4117.
)) (/usr/share/texmf-dist/tex/xelatex/xecjk/xeCJK.cfg
File: xeCJK.cfg 2019/06/02 v3.7.4 Configuration file for xeCJK package
)) (/usr/share/texmf-dist/tex/xelatex/xecjk/xeCJKfntef.sty
Package: xeCJKfntef 2019/06/02 v3.7.4 xeCJK font effect
 (/usr/share/texmf-dist/tex/generic/ulem/ulem.sty
\UL@box=\box48
\UL@hyphenbox=\box49
\UL@skip=\skip56
\UL@hook=\toks14
\UL@height=\dimen168
\UL@pe=\count271
\UL@pixel=\dimen169
\ULC@box=\box50
Package: ulem 2012/05/18
\ULdepth=\dimen170
) (/usr/share/texmf-dist/tex/latex/cjk/texinput/CJKfntef.sty
Package: CJKfntef 2015/04/18 4.8.4
\CJK@fntefSkip=\skip57
\CJK@nest=\count272
\CJK@fntefDimen=\dimen171
\CJK@underdotBox=\box51
\CJK@ULbox=\box52
\CJK@underanyskip=\dimen172
)
\l__xeCJK_space_skip=\skip58
\c__xeCJK_ulem-begin_node_dim=\dimen173
\c__xeCJK_null_box=\box53
\l__xeCJK_fntef_box=\box54
\l__xeCJK_under_symbol_box=\box55
\c__xeCJK_filll_skip=\skip59
)
\ccwd=\dimen174
\l__ctex_ccglue_skip=\skip60
)
\l__ctex_ziju_dim=\dimen175
 (/usr/share/texmf-dist/tex/latex/zhnumber/zhnumber.sty
Package: zhnumber 2019/04/07 v2.7 Typesetting numbers with Chinese glyphs
\l__zhnum_scale_int=\count273
 (/usr/share/texmf-dist/tex/latex/zhnumber/zhnumber-utf8.cfg
File: zhnumber-utf8.cfg 2019/04/07 v2.7 Chinese numerals with UTF8 encoding
)) (/usr/share/texmf-dist/tex/latex/ctex/scheme/ctex-scheme-chinese.def
File: ctex-scheme-chinese.def 2019/05/29 v2.4.16 Chinese scheme for generic (CTEX)
 (/usr/share/texmf-dist/tex/latex/ctex/config/ctex-name-utf8.cfg
File: ctex-name-utf8.cfg 2019/05/29 v2.4.16 Caption with encoding UTF8 (CTEX)
)) (/usr/share/texmf-dist/tex/latex/tools/indentfirst.sty
Package: indentfirst 1995/11/23 v1.03 Indent first paragraph (DPC)
) (/usr/share/texmf-dist/tex/latex/ctex/fontset/ctex-fontset-fandol.def
File: ctex-fontset-fandol.def 2019/05/29 v2.4.16 Fandol fonts definition (CTEX)


Package fontspec Warning: Font "FandolSong-Regular" does not contain requested
(fontspec)                Script "CJK".


Package fontspec Info: Font family 'FandolSong-Regular(0)' created for font
(fontspec)             'FandolSong-Regular' with options
(fontspec)             [Script={CJK},Extension={.otf},BoldFont={FandolSong-Bold},ItalicFont={FandolKai-Regular}].
(fontspec)              
(fontspec)              This font family consists of the following NFSS
(fontspec)             series/shapes:
(fontspec)              
(fontspec)             - 'normal' (m/n) with NFSS spec.:
(fontspec)             <->"[FandolSong-Regular.otf]/OT"
(fontspec)             - 'small caps'  (m/sc) with NFSS spec.: 
(fontspec)             - 'bold' (bx/n) with NFSS spec.:
(fontspec)             <->"[FandolSong-Bold.otf]/OT"
(fontspec)             - 'bold small caps'  (bx/sc) with NFSS spec.: 
(fontspec)             - 'italic' (m/it) with NFSS spec.:
(fontspec)             <->"[FandolKai-Regular.otf]/OT"
(fontspec)             - 'italic small caps'  (m/itsc) with NFSS spec.: 

)) (/usr/share/texmf-dist/tex/latex/ctex/config/ctex.cfg
File: ctex.cfg 2019/05/29 v2.4.16 Configuration file (CTEX)
) (/usr/share/texmf-dist/tex/latex/graphics/graphicx.sty
Package: graphicx 2017/06/01 v1.1a Enhanced LaTeX Graphics (DPC,SPQR)
 (/usr/share/texmf-dist/tex/latex/graphics/keyval.sty
Package: keyval 2014/10/28 v1.15 key=value parser (DPC)
\KV@toks@=\toks15
) (/usr/share/texmf-dist/tex/latex/graphics/graphics.sty
Package: graphics 2019/10/08 v1.3c Standard LaTeX Graphics (DPC,SPQR)
 (/usr/share/texmf-dist/tex/latex/graphics/trig.sty
Package: trig 2016/01/03 v1.10 sin cos tan (DPC)
) (/usr/share/texmf-dist/tex/latex/graphics-cfg/graphics.cfg
File: graphics.cfg 2016/06/04 v1.11 sample graphics configuration
)
Package graphics Info: Driver file: xetex.def on input line 105.
 (/usr/share/texmf-dist/tex/latex/graphics-def/xetex.def
File: xetex.def 2017/06/24 v5.0h Graphics/color driver for xetex
))
\Gin@req@height=\dimen176
\Gin@req@width=\dimen177
) (/usr/share/texmf-dist/tex/latex/float/float.sty
Package: float 2001/11/08 v1.3d Float enhancements (AL)
\c@float@type=\count274
\float@exts=\toks16
\float@box=\box56
\@float@everytoks=\toks17
\@floatcapt=\box57
) (/usr/share/texmf-dist/tex/latex/subfigure/subfigure.sty
Package: subfigure 2002/03/15 v2.1.5 subfigure package
\subfigtopskip=\skip61
\subfigcapskip=\skip62
\subfigcaptopadj=\dimen178
\subfigbottomskip=\skip63
\subfigcapmargin=\dimen179
\subfiglabelskip=\skip64
\c@subfigure=\count275
\c@lofdepth=\count276
\c@subtable=\count277
\c@lotdepth=\count278

****************************************
* Local config file subfigure.cfg used *
****************************************
(/usr/share/texmf-dist/tex/latex/subfigure/subfigure.cfg)
\subfig@top=\skip65
\subfig@bottom=\skip66
) (/usr/share/texmf-dist/tex/latex/listings/listings.sty
\lst@mode=\count279
\lst@gtempboxa=\box58
\lst@token=\toks18
\lst@length=\count280
\lst@currlwidth=\dimen180
\lst@column=\count281
\lst@pos=\count282
\lst@lostspace=\dimen181
\lst@width=\dimen182
\lst@newlines=\count283
\lst@lineno=\count284
\lst@maxwidth=\dimen183
 (/usr/share/texmf-dist/tex/latex/listings/lstmisc.sty
File: lstmisc.sty 2019/09/10 1.8c (Carsten Heinz)
\c@lstnumber=\count285
\lst@skipnumbers=\count286
\lst@framebox=\box59
) (/usr/share/texmf-dist/tex/latex/listings/listings.cfg
File: listings.cfg 2019/09/10 1.8c listings configuration
))
Package: listings 2019/09/10 1.8c (Carsten Heinz)
 (/usr/share/texmf-dist/tex/latex/graphics/color.sty
Package: color 2016/07/10 v1.1e Standard LaTeX Color (DPC)
 (/usr/share/texmf-dist/tex/latex/graphics-cfg/color.cfg
File: color.cfg 2016/01/02 v1.6 sample color configuration
)
Package color Info: Driver file: xetex.def on input line 147.
) (/usr/share/texmf-dist/tex/latex/hyperref/hyperref.sty
Package: hyperref 2019/09/28 v7.00a Hypertext links for LaTeX
 (/usr/share/texmf-dist/tex/generic/oberdiek/hobsub-hyperref.sty
Package: hobsub-hyperref 2016/05/16 v1.14 Bundle oberdiek, subset hyperref (HO)
 (/usr/share/texmf-dist/tex/generic/oberdiek/hobsub-generic.sty
Package: hobsub-generic 2016/05/16 v1.14 Bundle oberdiek, subset generic (HO)
Package: hobsub 2016/05/16 v1.14 Construct package bundles (HO)
Package: infwarerr 2016/05/16 v1.4 Providing info/warning/error messages (HO)
Package: ltxcmds 2016/05/16 v1.23 LaTeX kernel commands for general use (HO)
Package: ifluatex 2016/05/16 v1.4 Provides the ifluatex switch (HO)
Package ifluatex Info: LuaTeX not detected.
Package: ifvtex 2016/05/16 v1.6 Detect VTeX and its facilities (HO)
Package ifvtex Info: VTeX not detected.
Package: intcalc 2016/05/16 v1.2 Expandable calculations with integers (HO)
Package: ifpdf 2018/09/07 v3.3 Provides the ifpdf switch
Package: etexcmds 2016/05/16 v1.6 Avoid name clashes with e-TeX commands (HO)
Package: kvsetkeys 2016/05/16 v1.17 Key value parser (HO)
Package: kvdefinekeys 2016/05/16 v1.4 Define keys (HO)
Package: pdftexcmds 2019/07/25 v0.30 Utility functions of pdfTeX for LuaTeX (HO)
Package pdftexcmds Info: LuaTeX not detected.
Package pdftexcmds Info: pdfTeX >= 1.30 not detected.
Package pdftexcmds Info: \pdf@primitive is available.
Package pdftexcmds Info: \pdf@ifprimitive is available.
Package pdftexcmds Info: \pdfdraftmode not found.
Package: pdfescape 2016/05/16 v1.14 Implements pdfTeX's escape features (HO)
Package: bigintcalc 2016/05/16 v1.4 Expandable calculations on big integers (HO)
Package: bitset 2016/05/16 v1.2 Handle bit-vector datatype (HO)
Package: uniquecounter 2016/05/16 v1.3 Provide unlimited unique counter (HO)
)
Package hobsub Info: Skipping package `hobsub' (already loaded).
Package: letltxmacro 2016/05/16 v1.5 Let assignment for LaTeX macros (HO)
Package: hopatch 2016/05/16 v1.3 Wrapper for package hooks (HO)
Package: xcolor-patch 2016/05/16 xcolor patch
Package: atveryend 2016/05/16 v1.9 Hooks at the very end of document (HO)
Package atveryend Info: \enddocument detected (standard20110627).
Package: atbegshi 2016/06/09 v1.18 At begin shipout hook (HO)
Package: refcount 2016/05/16 v3.5 Data extraction from label references (HO)
Package: hycolor 2016/05/16 v1.8 Color options for hyperref/bookmark (HO)
) (/usr/share/texmf-dist/tex/generic/ifxetex/ifxetex.sty
Package: ifxetex 2010/09/12 v0.6 Provides ifxetex conditional
) (/usr/share/texmf-dist/tex/latex/oberdiek/auxhook.sty
Package: auxhook 2016/05/16 v1.4 Hooks for auxiliary files (HO)
) (/usr/share/texmf-dist/tex/latex/oberdiek/kvoptions.sty
Package: kvoptions 2016/05/16 v3.12 Key value format for package options (HO)
)
\@linkdim=\dimen184
\Hy@linkcounter=\count287
\Hy@pagecounter=\count288
 (/usr/share/texmf-dist/tex/latex/hyperref/pd1enc.def
File: pd1enc.def 2019/09/28 v7.00a Hyperref: PDFDocEncoding definition (HO)
)
\Hy@SavedSpaceFactor=\count289
 (/usr/share/texmf-dist/tex/latex/latexconfig/hyperref.cfg
File: hyperref.cfg 2002/06/06 v1.2 hyperref configuration of TeXLive
)
Package hyperref Info: Option `unicode' set `true' on input line 4414.
 (/usr/share/texmf-dist/tex/latex/hyperref/puenc.def
File: puenc.def 2019/09/28 v7.00a Hyperref: PDF Unicode definition (HO)
)
Package hyperref Info: Option `colorlinks' set `true' on input line 4414.
Package hyperref Info: Hyper figures OFF on input line 4540.
Package hyperref Info: Link nesting OFF on input line 4545.
Package hyperref Info: Hyper index ON on input line 4548.
Package hyperref Info: Plain pages OFF on input line 4555.
Package hyperref Info: Backreferencing OFF on input line 4560.
Package hyperref Info: Implicit mode ON; LaTeX internals redefined.
Package hyperref Info: Bookmarks ON on input line 4793.
\c@Hy@tempcnt=\count290
 (/usr/share/texmf-dist/tex/latex/url/url.sty
\Urlmuskip=\muskip17
Package: url 2013/09/16  ver 3.4  Verb mode for urls, etc.
)
LaTeX Info: Redefining \url on input line 5152.
\XeTeXLinkMargin=\dimen185
\Fld@menulength=\count291
\Field@Width=\dimen186
\Fld@charsize=\dimen187
Package hyperref Info: Hyper figures OFF on input line 6423.
Package hyperref Info: Link nesting OFF on input line 6428.
Package hyperref Info: Hyper index ON on input line 6431.
Package hyperref Info: backreferencing OFF on input line 6438.
Package hyperref Info: Link coloring ON on input line 6441.
Package hyperref Info: Link coloring with OCG OFF on input line 6448.
Package hyperref Info: PDF/A mode OFF on input line 6453.
LaTeX Info: Redefining \ref on input line 6493.
LaTeX Info: Redefining \pageref on input line 6497.
\Hy@abspage=\count292
\c@Item=\count293
\c@Hfootnote=\count294
)
Package hyperref Info: Driver (autodetected): hxetex.
 (/usr/share/texmf-dist/tex/latex/hyperref/hxetex.def
File: hxetex.def 2019/09/28 v7.00a Hyperref driver for XeTeX
 (/usr/share/texmf-dist/tex/generic/oberdiek/stringenc.sty
Package: stringenc 2016/05/16 v1.11 Convert strings between diff. encodings (HO)
)
\pdfm@box=\box60
\c@Hy@AnnotLevel=\count295
\HyField@AnnotCount=\count296
\Fld@listcount=\count297
\c@bookmark@seq@number=\count298
 (/usr/share/texmf-dist/tex/latex/oberdiek/rerunfilecheck.sty
Package: rerunfilecheck 2016/05/16 v1.8 Rerun checks for auxiliary files (HO)
Package uniquecounter Info: New unique counter `rerunfilecheck' on input line 282.
)
\Hy@SectionHShift=\skip67
) (/usr/share/texmf-dist/tex/latex/graphviz/graphviz.sty
Package: graphviz 2013/08/15 v0.94 .dtx graphviz file
) (/usr/share/texmf-dist/tex/generic/oberdiek/alphalph.sty
Package: alphalph 2016/05/16 v2.5 Convert numbers to letters (HO)
)

Package xeCJK Warning: Redefining CJKfamily `\CJKrmdefault'
(xeCJK)                (FandolSong-Regular(0)).


Package fontspec Info: Could not resolve font "Noto Serif CJK TC/I" (it
(fontspec)             probably doesn't exist).


Package fontspec Info: Font family 'NotoSerifCJKTC(0)' created for font 'Noto
(fontspec)             Serif CJK TC' with options [Script={CJK}].
(fontspec)              
(fontspec)              This font family consists of the following NFSS
(fontspec)             series/shapes:
(fontspec)              
(fontspec)             - 'normal' (m/n) with NFSS spec.: <->"Noto Serif CJK
(fontspec)             TC/OT:script=hani;language=DFLT;"
(fontspec)             - 'small caps'  (m/sc) with NFSS spec.: 
(fontspec)             - 'bold' (bx/n) with NFSS spec.: <->"Noto Serif CJK
(fontspec)             TC/B/OT:script=hani;language=DFLT;"
(fontspec)             - 'bold small caps'  (bx/sc) with NFSS spec.: 
(fontspec)             - 'bold italic' (bx/it) with NFSS spec.: <->"Noto Serif
(fontspec)             CJK TC/BI/OT:script=hani;language=DFLT;"
(fontspec)             - 'bold italic small caps'  (bx/itsc) with NFSS spec.: 


Package fontspec Info: Font family 'Hack(0)' created for font 'Hack' with
(fontspec)             options [].
(fontspec)              
(fontspec)              This font family consists of the following NFSS
(fontspec)             series/shapes:
(fontspec)              
(fontspec)             - 'normal' (m/n) with NFSS spec.:
(fontspec)             <->"Hack/OT:script=latn;language=DFLT;"
(fontspec)             - 'small caps'  (m/sc) with NFSS spec.: 
(fontspec)             - 'bold' (bx/n) with NFSS spec.:
(fontspec)             <->"Hack/B/OT:script=latn;language=DFLT;"
(fontspec)             - 'bold small caps'  (bx/sc) with NFSS spec.: 
(fontspec)             - 'italic' (m/it) with NFSS spec.:
(fontspec)             <->"Hack/I/OT:script=latn;language=DFLT;"
(fontspec)             - 'italic small caps'  (m/itsc) with NFSS spec.: 
(fontspec)             - 'bold italic' (bx/it) with NFSS spec.:
(fontspec)             <->"Hack/BI/OT:script=latn;language=DFLT;"
(fontspec)             - 'bold italic small caps'  (bx/itsc) with NFSS spec.: 

(/usr/share/texmf-dist/tex/xelatex/xecjk/xeCJK-listings.sty
Package: xeCJK-listings 2019/06/02 v3.7.4 xeCJK patch file for listings
\l__xeCJK_listings_max_char_int=\count299
\l__xeCJK_listings_flag_int=\count300
) (./ssd7.aux)
\openout1 = `ssd7.aux'.

LaTeX Font Info:    Checking defaults for OML/cmm/m/it on input line 49.
LaTeX Font Info:    ... okay on input line 49.
LaTeX Font Info:    Checking defaults for T1/cmr/m/n on input line 49.
LaTeX Font Info:    ... okay on input line 49.
LaTeX Font Info:    Checking defaults for OT1/cmr/m/n on input line 49.
LaTeX Font Info:    ... okay on input line 49.
LaTeX Font Info:    Checking defaults for OMS/cmsy/m/n on input line 49.
LaTeX Font Info:    ... okay on input line 49.
LaTeX Font Info:    Checking defaults for TU/lmr/m/n on input line 49.
LaTeX Font Info:    ... okay on input line 49.
LaTeX Font Info:    Checking defaults for OMX/cmex/m/n on input line 49.
LaTeX Font Info:    ... okay on input line 49.
LaTeX Font Info:    Checking defaults for U/cmr/m/n on input line 49.
LaTeX Font Info:    ... okay on input line 49.
LaTeX Font Info:    Checking defaults for TS1/cmr/m/n on input line 49.
LaTeX Font Info:    ... okay on input line 49.
LaTeX Font Info:    Checking defaults for PD1/pdf/m/n on input line 49.
LaTeX Font Info:    ... okay on input line 49.
LaTeX Font Info:    Checking defaults for PU/pdf/m/n on input line 49.
LaTeX Font Info:    ... okay on input line 49.
 ABD: EverySelectfont initializing macros
LaTeX Info: Redefining \selectfont on input line 49.

Package fontspec Info: Adjusting the maths setup (use [no-math] to avoid
(fontspec)             this).

\symlegacymaths=\mathgroup4
LaTeX Font Info:    Overwriting symbol font `legacymaths' in version `bold'
(Font)                  OT1/cmr/m/n --> OT1/cmr/bx/n on input line 49.
LaTeX Font Info:    Redeclaring math accent \acute on input line 49.
LaTeX Font Info:    Redeclaring math accent \grave on input line 49.
LaTeX Font Info:    Redeclaring math accent \ddot on input line 49.
LaTeX Font Info:    Redeclaring math accent \tilde on input line 49.
LaTeX Font Info:    Redeclaring math accent \bar on input line 49.
LaTeX Font Info:    Redeclaring math accent \breve on input line 49.
LaTeX Font Info:    Redeclaring math accent \check on input line 49.
LaTeX Font Info:    Redeclaring math accent \hat on input line 49.
LaTeX Font Info:    Redeclaring math accent \dot on input line 49.
LaTeX Font Info:    Redeclaring math accent \mathring on input line 49.
LaTeX Font Info:    Redeclaring math symbol \colon on input line 49.
LaTeX Font Info:    Redeclaring math symbol \Gamma on input line 49.
LaTeX Font Info:    Redeclaring math symbol \Delta on input line 49.
LaTeX Font Info:    Redeclaring math symbol \Theta on input line 49.
LaTeX Font Info:    Redeclaring math symbol \Lambda on input line 49.
LaTeX Font Info:    Redeclaring math symbol \Xi on input line 49.
LaTeX Font Info:    Redeclaring math symbol \Pi on input line 49.
LaTeX Font Info:    Redeclaring math symbol \Sigma on input line 49.
LaTeX Font Info:    Redeclaring math symbol \Upsilon on input line 49.
LaTeX Font Info:    Redeclaring math symbol \Phi on input line 49.
LaTeX Font Info:    Redeclaring math symbol \Psi on input line 49.
LaTeX Font Info:    Redeclaring math symbol \Omega on input line 49.
LaTeX Font Info:    Redeclaring math symbol \mathdollar on input line 49.
LaTeX Font Info:    Redeclaring symbol font `operators' on input line 49.
LaTeX Font Info:    Encoding `OT1' has changed to `TU' for symbol font
(Font)              `operators' in the math version `normal' on input line 49.
LaTeX Font Info:    Overwriting symbol font `operators' in version `normal'
(Font)                  OT1/cmr/m/n --> TU/lmr/m/n on input line 49.
LaTeX Font Info:    Encoding `OT1' has changed to `TU' for symbol font
(Font)              `operators' in the math version `bold' on input line 49.
LaTeX Font Info:    Overwriting symbol font `operators' in version `bold'
(Font)                  OT1/cmr/bx/n --> TU/lmr/m/n on input line 49.
LaTeX Font Info:    Overwriting symbol font `operators' in version `normal'
(Font)                  TU/lmr/m/n --> TU/lmr/m/n on input line 49.
LaTeX Font Info:    Overwriting math alphabet `\mathit' in version `normal'
(Font)                  OT1/cmr/m/it --> TU/lmr/m/it on input line 49.
LaTeX Font Info:    Overwriting math alphabet `\mathbf' in version `normal'
(Font)                  OT1/cmr/bx/n --> TU/lmr/bx/n on input line 49.
LaTeX Font Info:    Overwriting math alphabet `\mathsf' in version `normal'
(Font)                  OT1/cmss/m/n --> TU/lmss/m/n on input line 49.
LaTeX Font Info:    Overwriting math alphabet `\mathtt' in version `normal'
(Font)                  OT1/cmtt/m/n --> TU/lmtt/m/n on input line 49.
LaTeX Font Info:    Overwriting symbol font `operators' in version `bold'
(Font)                  TU/lmr/m/n --> TU/lmr/bx/n on input line 49.
LaTeX Font Info:    Overwriting math alphabet `\mathit' in version `bold'
(Font)                  OT1/cmr/bx/it --> TU/lmr/bx/it on input line 49.
LaTeX Font Info:    Overwriting math alphabet `\mathsf' in version `bold'
(Font)                  OT1/cmss/bx/n --> TU/lmss/bx/n on input line 49.
LaTeX Font Info:    Overwriting math alphabet `\mathtt' in version `bold'
(Font)                  OT1/cmtt/m/n --> TU/lmtt/bx/n on input line 49.
\c@lstlisting=\count301
\AtBeginShipoutBox=\box61
Package hyperref Info: Link coloring ON on input line 49.
 (/usr/share/texmf-dist/tex/latex/hyperref/nameref.sty
Package: nameref 2019/09/16 v2.46 Cross-referencing by name of section
 (/usr/share/texmf-dist/tex/generic/oberdiek/gettitlestring.sty
Package: gettitlestring 2016/05/16 v1.5 Cleanup title references (HO)
)
\c@section@level=\count302
)
LaTeX Info: Redefining \ref on input line 49.
LaTeX Info: Redefining \pageref on input line 49.
LaTeX Info: Redefining \nameref on input line 49.
 (./ssd7.out) (./ssd7.out)
\@outlinefile=\write3
\openout3 = `ssd7.out'.

LaTeX Font Info:    External font `cmex10' loaded for size
(Font)              <14.4> on input line 52.
LaTeX Font Info:    External font `cmex10' loaded for size
(Font)              <7> on input line 52.
 [1

] (./ssd7.toc
LaTeX Font Info:    External font `cmex10' loaded for size
(Font)              <12> on input line 2.
LaTeX Font Info:    External font `cmex10' loaded for size
(Font)              <8> on input line 2.
LaTeX Font Info:    External font `cmex10' loaded for size
(Font)              <6> on input line 2.
 [1

])
\tf@toc=\write4
\openout4 = `ssd7.toc'.

 [2] [3

]

Package hyperref Warning: Difference (2) between bookmark levels is greater 
(hyperref)                than one, level fixed on input line 57.

File: ex1-1.png Graphic file (type bmp)
<ex1-1.png>
File: ex1-2.png Graphic file (type bmp)
<ex1-2.png>
File: ex1-3.png Graphic file (type bmp)
<ex1-3.png>

Overfull \hbox (3.912pt too wide) in paragraph at lines 77--82
 [][] 
 []

[4] (/usr/share/texmf-dist/tex/latex/listings/lstlang1.sty
File: lstlang1.sty 2019/09/10 1.8c listings language file
)
LaTeX Font Info:    External font `cmex10' loaded for size
(Font)              <5> on input line 105.
File: ex1-4.png Graphic file (type bmp)
<ex1-4.png>

Overfull \hbox (3.912pt too wide) in paragraph at lines 119--120
 [][] 
 []

[5]
File: ex1-5.png Graphic file (type bmp)
<ex1-5.png>

Overfull \hbox (3.912pt too wide) in paragraph at lines 129--130
 [][] 
 []

[6]
File: ex1-6.png Graphic file (type bmp)
<ex1-6.png>

Overfull \hbox (3.912pt too wide) in paragraph at lines 135--136
 [][] 
 []

[7]
File: ex1-7.png Graphic file (type bmp)
<ex1-7.png>

Overfull \hbox (3.912pt too wide) in paragraph at lines 141--142
 [][] 
 []

[8]
File: ex1-8.png Graphic file (type bmp)
<ex1-8.png>

Overfull \hbox (3.912pt too wide) in paragraph at lines 151--152
 [][] 
 []

[9]
File: ex1-9.png Graphic file (type bmp)
<ex1-9.png>

Overfull \hbox (3.912pt too wide) in paragraph at lines 159--160
 [][] 
 []

[10]
File: ex1-10.png Graphic file (type bmp)
<ex1-10.png>

Overfull \hbox (3.912pt too wide) in paragraph at lines 169--170
 [][] 
 []

[11]
File: ex1-11.png Graphic file (type bmp)
<ex1-11.png>

Overfull \hbox (3.912pt too wide) in paragraph at lines 177--178
 [][] 
 []

[12]
File: ex1-12.png Graphic file (type bmp)
<ex1-12.png>

Overfull \hbox (3.912pt too wide) in paragraph at lines 183--184
 [][] 
 []

[13] [14] [15

]

Package hyperref Warning: Difference (2) between bookmark levels is greater 
(hyperref)                than one, level fixed on input line 192.

[16]
Overfull \hbox (5.97069pt too wide) in paragraph at lines 232--233
[]\TU/NotoSerifCJKTC(0)/m/n/12 如 果 要 在 表 \TU/lmr/m/n/12 SC \TU/NotoSerifCJKTC(0)/m/n/12 中 插 入 某 个 学 生 的 选 课 信 息  |（如：|  学 号 为  |“\TU/lmr/m/n/12 2007001005\TU/NotoSerifCJKTC(0)/m/n/12 ” ，|
 []

[17]
Underfull \hbox (badness 10000) in paragraph at lines 264--265

 []

(/usr/share/texmf-dist/tex/latex/listings/lstlang1.sty
File: lstlang1.sty 2019/09/10 1.8c listings language file
)
File: ex2-1.png Graphic file (type bmp)
<ex2-1.png>

Overfull \hbox (3.912pt too wide) in paragraph at lines 273--274
 [][] 
 []

[18]
Underfull \hbox (badness 10000) in paragraph at lines 276--277

 []

File: ex2-2.png Graphic file (type bmp)
<ex2-2.png>

Overfull \hbox (3.912pt too wide) in paragraph at lines 285--286
 [][] 
 []


Underfull \hbox (badness 10000) in paragraph at lines 288--289

 []

File: ex2-3.png Graphic file (type bmp)
<ex2-3.png>

Overfull \hbox (3.912pt too wide) in paragraph at lines 297--298
 [][] 
 []

[19]
Underfull \hbox (badness 10000) in paragraph at lines 304--305

 []

File: ex2-4.png Graphic file (type bmp)
<ex2-4.png>

Overfull \hbox (3.912pt too wide) in paragraph at lines 313--314
 [][] 
 []


Underfull \hbox (badness 10000) in paragraph at lines 316--317

 []

File: ex2-5.png Graphic file (type bmp)
<ex2-5.png>

Overfull \hbox (3.912pt too wide) in paragraph at lines 325--326
 [][] 
 []


Underfull \hbox (badness 10000) in paragraph at lines 328--329

 []

[20]
File: ex2-6.png Graphic file (type bmp)
<ex2-6.png>

Overfull \hbox (3.912pt too wide) in paragraph at lines 337--338
 [][] 
 []


Underfull \hbox (badness 10000) in paragraph at lines 341--342

 []

File: ex2-7.png Graphic file (type bmp)
<ex2-7.png>

Overfull \hbox (3.912pt too wide) in paragraph at lines 350--351
 [][] 
 []


Underfull \hbox (badness 10000) in paragraph at lines 354--355

 []

File: ex2-8.png Graphic file (type bmp)
<ex2-8.png>

Overfull \hbox (3.912pt too wide) in paragraph at lines 363--364
 [][] 
 []

[21]
Underfull \hbox (badness 10000) in paragraph at lines 369--370

 []

File: ex2-9.png Graphic file (type bmp)
<ex2-9.png>

Overfull \hbox (3.912pt too wide) in paragraph at lines 379--380
 [][] 
 []

File: ex2-10.png Graphic file (type bmp)
<ex2-10.png>

Overfull \hbox (3.912pt too wide) in paragraph at lines 386--387
 [][] 
 []

[22]
Underfull \hbox (badness 10000) in paragraph at lines 390--391

 []

File: ex2-11.png Graphic file (type bmp)
<ex2-11.png>

Overfull \hbox (3.912pt too wide) in paragraph at lines 399--400
 [][] 
 []


Underfull \hbox (badness 10000) in paragraph at lines 403--404

 []

File: ex2-12.png Graphic file (type bmp)
<ex2-12.png>

Overfull \hbox (3.912pt too wide) in paragraph at lines 412--413
 [][] 
 []

[23]
Underfull \hbox (badness 10000) in paragraph at lines 416--417

 []

File: ex2-13.png Graphic file (type bmp)
<ex2-13.png>

Overfull \hbox (3.912pt too wide) in paragraph at lines 425--426
 [][] 
 []


Underfull \hbox (badness 10000) in paragraph at lines 431--432

 []

File: ex2-14.png Graphic file (type bmp)
<ex2-14.png>

Overfull \hbox (3.912pt too wide) in paragraph at lines 441--442
 [][] 
 []

[24]
Underfull \hbox (badness 10000) in paragraph at lines 445--446

 []

File: ex2-15.png Graphic file (type bmp)
<ex2-15.png>

Overfull \hbox (3.912pt too wide) in paragraph at lines 454--455
 [][] 
 []


Underfull \hbox (badness 10000) in paragraph at lines 458--459

 []

File: ex2-16.png Graphic file (type bmp)
<ex2-16.png>

Overfull \hbox (3.912pt too wide) in paragraph at lines 467--468
 [][] 
 []

[25]
Underfull \hbox (badness 10000) in paragraph at lines 471--472

 []

File: ex2-17.png Graphic file (type bmp)
<ex2-17.png>

Overfull \hbox (3.912pt too wide) in paragraph at lines 480--481
 [][] 
 []


Underfull \hbox (badness 10000) in paragraph at lines 484--485

 []

File: ex2-18.png Graphic file (type bmp)
<ex2-18.png>

Overfull \hbox (3.912pt too wide) in paragraph at lines 493--494
 [][] 
 []

[26]
Underfull \hbox (badness 10000) in paragraph at lines 497--498

 []

File: ex2-19.png Graphic file (type bmp)
<ex2-19.png>

Overfull \hbox (3.912pt too wide) in paragraph at lines 506--507
 [][] 
 []


Underfull \hbox (badness 10000) in paragraph at lines 510--511

 []

File: ex2-20.png Graphic file (type bmp)
<ex2-20.png>

Overfull \hbox (3.912pt too wide) in paragraph at lines 519--520
 [][] 
 []


Underfull \hbox (badness 10000) in paragraph at lines 524--525

 []

File: ex1-5.png Graphic file (type bmp)
<ex1-5.png>

Overfull \hbox (3.912pt too wide) in paragraph at lines 529--530
 [][] 
 []

[27]
File: ex1-6.png Graphic file (type bmp)
<ex1-6.png>

Overfull \hbox (3.912pt too wide) in paragraph at lines 535--536
 [][] 
 []

[28]
File: ex1-7.png Graphic file (type bmp)
<ex1-7.png>

Overfull \hbox (3.912pt too wide) in paragraph at lines 541--542
 [][] 
 []

[29]
File: ex1-10.png Graphic file (type bmp)
<ex1-10.png>

Overfull \hbox (3.912pt too wide) in paragraph at lines 550--551
 [][] 
 []

[30]
Underfull \hbox (badness 10000) in paragraph at lines 554--555

 []

File: ex2-21.png Graphic file (type bmp)
<ex2-21.png>

Overfull \hbox (3.912pt too wide) in paragraph at lines 563--564
 [][] 
 []

[31]
File: ex2-22.png Graphic file (type bmp)
<ex2-22.png>

Overfull \hbox (3.912pt too wide) in paragraph at lines 573--574
 [][] 
 []

[32]
Underfull \hbox (badness 10000) in paragraph at lines 576--577

 []


Underfull \hbox (badness 10000) in paragraph at lines 579--580

 []

File: ex2-23.png Graphic file (type bmp)
<ex2-23.png>

Overfull \hbox (3.912pt too wide) in paragraph at lines 588--589
 [][] 
 []

[33]
File: ex2-24.png Graphic file (type bmp)
<ex2-24.png>

Overfull \hbox (3.912pt too wide) in paragraph at lines 598--599
 [][] 
 []

[34]
Overfull \hbox (13.89603pt too wide) in paragraph at lines 602--603
[]\TU/lmr/m/n/12 5. \TU/NotoSerifCJKTC(0)/m/n/12 如 果 要 在 表 \TU/lmr/m/n/12 SC \TU/NotoSerifCJKTC(0)/m/n/12 中 插 入 某 个 学 生 的 选 课 信 息  |（如：|  学 号 为  |“\TU/lmr/m/n/12 2007001005\TU/NotoSerifCJKTC(0)/m/n/12 ” ，|
 []


Underfull \hbox (badness 10000) in paragraph at lines 602--603

 []

File: ex2-25.png Graphic file (type bmp)
<ex2-25.png>

Overfull \hbox (3.912pt too wide) in paragraph at lines 611--612
 [][] 
 []


Underfull \hbox (badness 10000) in paragraph at lines 615--617

 []

[35]
File: ex2-26.png Graphic file (type bmp)
<ex2-26.png>

Overfull \hbox (3.912pt too wide) in paragraph at lines 626--627
 [][] 
 []


Underfull \hbox (badness 10000) in paragraph at lines 630--631

 []

File: ex2-27.png Graphic file (type bmp)
<ex2-27.png>

Overfull \hbox (3.912pt too wide) in paragraph at lines 639--640
 [][] 
 []

[36]
Underfull \hbox (badness 10000) in paragraph at lines 643--644

 []

File: ex2-28.png Graphic file (type bmp)
<ex2-28.png>

Overfull \hbox (3.912pt too wide) in paragraph at lines 652--653
 [][] 
 []


Underfull \hbox (badness 10000) in paragraph at lines 656--657

 []

[37]
File: ex2-29.png Graphic file (type bmp)
<ex2-29.png>

Overfull \hbox (3.912pt too wide) in paragraph at lines 665--666
 [][] 
 []


Underfull \hbox (badness 10000) in paragraph at lines 668--669

 []

File: ex2-30.png Graphic file (type bmp)
<ex2-30.png>

Overfull \hbox (3.912pt too wide) in paragraph at lines 677--678
 [][] 
 []


Underfull \hbox (badness 10000) in paragraph at lines 683--684

 []


Underfull \hbox (badness 10000) in paragraph at lines 694--695

 []

[38]
Underfull \hbox (badness 10000) in paragraph at lines 702--703

 []

File: ex2-31.png Graphic file (type bmp)
<ex2-31.png>

Overfull \hbox (3.912pt too wide) in paragraph at lines 711--712
 [][] 
 []

[39] [40

]

Package hyperref Warning: Difference (2) between bookmark levels is greater 
(hyperref)                than one, level fixed on input line 720.


Overfull \hbox (10.71422pt too wide) in paragraph at lines 741--742
[]\TU/NotoSerifCJKTC(0)/m/n/12 通 过 视 图 \TU/lmr/m/n/12 V_SSCH\TU/NotoSerifCJKTC(0)/m/n/12 ，|  新 增 加 一 个 学 生 记 录 \TU/lmr/m/n/12 (’S12’,’YAN XI’,19, ’SSCH’)\TU/NotoSerifCJKTC(0)/m/n/12 ，|
 []

[41]
File: ex3-1.png Graphic file (type bmp)
<ex3-1.png>

Overfull \hbox (3.912pt too wide) in paragraph at lines 757--758
 [][] 
 []

File: ex3-2.png Graphic file (type bmp)
<ex3-2.png>
File: ex3-3.png Graphic file (type bmp)
<ex3-3.png>
[42]
Underfull \hbox (badness 10000) in paragraph at lines 792--793

 []

File: ex3-4.png Graphic file (type bmp)
<ex3-4.png>

Overfull \hbox (3.912pt too wide) in paragraph at lines 801--802
 [][] 
 []

File: ex3-5.png Graphic file (type bmp)
<ex3-5.png>
File: ex3-6.png Graphic file (type bmp)
<ex3-6.png>

Overfull \hbox (3.912pt too wide) in paragraph at lines 813--814
 [][] 
 []

[43]
Underfull \hbox (badness 10000) in paragraph at lines 817--818

 []

File: ex3-7.png Graphic file (type bmp)
<ex3-7.png>

Overfull \hbox (3.912pt too wide) in paragraph at lines 826--827
 [][] 
 []

File: ex3-8.png Graphic file (type bmp)
<ex3-8.png>

Overfull \hbox (3.912pt too wide) in paragraph at lines 834--835
 [][] 
 []


Underfull \hbox (badness 10000) in paragraph at lines 838--839

 []

[44]
File: ex3-9.png Graphic file (type bmp)
<ex3-9.png>

Overfull \hbox (3.912pt too wide) in paragraph at lines 847--848
 [][] 
 []


Underfull \hbox (badness 10000) in paragraph at lines 851--852

 []

File: ex3-10.png Graphic file (type bmp)
<ex3-10.png>

Overfull \hbox (3.912pt too wide) in paragraph at lines 864--865
 [][] 
 []

[45]
Underfull \hbox (badness 10000) in paragraph at lines 868--869

 []

File: ex3-11.png Graphic file (type bmp)
<ex3-11.png>

Overfull \hbox (3.912pt too wide) in paragraph at lines 877--878
 [][] 
 []


Overfull \hbox (18.63956pt too wide) in paragraph at lines 881--882
[]\TU/lmr/m/n/12 6. \TU/NotoSerifCJKTC(0)/m/n/12 通 过 视 图 \TU/lmr/m/n/12 V_SSCH\TU/NotoSerifCJKTC(0)/m/n/12 ，|  新 增 加 一 个 学 生 记 录 \TU/lmr/m/n/12 (’S12’,’YAN XI’,19, ’SSCH’)\TU/NotoSerifCJKTC(0)/m/n/12 ，|
 []


Underfull \hbox (badness 10000) in paragraph at lines 881--882

 []

[46]
File: ex3-12.png Graphic file (type bmp)
<ex3-12.png>

Overfull \hbox (3.912pt too wide) in paragraph at lines 891--892
 [][] 
 []


Underfull \hbox (badness 10000) in paragraph at lines 895--896

 []

File: ex3-13.png Graphic file (type bmp)
<ex3-13.png>

Overfull \hbox (3.912pt too wide) in paragraph at lines 907--908
 [][] 
 []

[47]
Underfull \hbox (badness 10000) in paragraph at lines 911--912

 []

File: ex3-14.png Graphic file (type bmp)
<ex3-14.png>

Overfull \hbox (3.912pt too wide) in paragraph at lines 920--921
 [][] 
 []

[48]
Underfull \hbox (badness 10000) in paragraph at lines 931--932

 []

File: ex3-15.png Graphic file (type bmp)
<ex3-15.png>

Overfull \hbox (3.912pt too wide) in paragraph at lines 940--941
 [][] 
 []


Underfull \hbox (badness 10000) in paragraph at lines 943--944

 []

File: ex3-16.png Graphic file (type bmp)
<ex3-16.png>

Overfull \hbox (3.912pt too wide) in paragraph at lines 952--953
 [][] 
 []

[49]
File: ex3-17.png Graphic file (type bmp)
<ex3-17.png>

Overfull \hbox (3.912pt too wide) in paragraph at lines 962--963
 [][] 
 []


Underfull \hbox (badness 10000) in paragraph at lines 967--968

 []

File: ex3-18.png Graphic file (type bmp)
<ex3-18.png>

Overfull \hbox (3.912pt too wide) in paragraph at lines 978--979
 [][] 
 []

[50]
File: ex3-19.png Graphic file (type bmp)
<ex3-19.png>

Overfull \hbox (3.912pt too wide) in paragraph at lines 984--985
 [][] 
 []

[51] [52

]

Package hyperref Warning: Difference (2) between bookmark levels is greater 
(hyperref)                than one, level fixed on input line 1005.


Underfull \hbox (badness 10000) in paragraph at lines 1029--1030

 []

[53]
Underfull \hbox (badness 10000) in paragraph at lines 1040--1041

 []


Underfull \hbox (badness 10000) in paragraph at lines 1062--1063

 []


Underfull \hbox (badness 10000) in paragraph at lines 1073--1074

 []

[54] [55] [56

]

Package hyperref Warning: Difference (2) between bookmark levels is greater 
(hyperref)                than one, level fixed on input line 1086.

[57] [58]
Package atveryend Info: Empty hook `BeforeClearDocument' on input line 1177.
 [59]
Package atveryend Info: Empty hook `AfterLastShipout' on input line 1177.
 (./ssd7.aux)
Package atveryend Info: Empty hook `AtVeryEndDocument' on input line 1177.
Package atveryend Info: Executing hook `AtEndAfterFileList' on input line 1177.
Package rerunfilecheck Info: File `ssd7.out' has not changed.
(rerunfilecheck)             Checksum: 2E732064A9FA927FD16BAE781E1D1062.
Package atveryend Info: Empty hook `AtVeryVeryEnd' on input line 1177.
 ) 
Here is how much of TeX's memory you used:
 26662 strings out of 492483
 539267 string characters out of 6134980
 858851 words of memory out of 5000000
 30859 multiletter control sequences out of 15000+600000
 536805 words of font info for 82 fonts, out of 8000000 for 9000
 1348 hyphenation exceptions out of 8191
 58i,6n,76p,435b,1753s stack positions out of 5000i,500n,10000p,200000b,80000s

Output written on ssd7.pdf (60 pages).
