\BOOKMARK [-1][-]{part.1}{\376\377\000I\000\040\133\346\232\127\116\000\060\001\145\170\144\332\136\253\202\007\210\150\166\204\127\372\147\054\144\315\117\134}{}% 1
\BOOKMARK [0][-]{section.0.1}{\376\377\133\346\232\127\166\356\166\204}{part.1}% 2
\BOOKMARK [1][-]{section.0.2}{\376\377\133\346\232\127\121\147\133\271}{section.0.1}% 3
\BOOKMARK [2][-]{subsection.0.2.1}{}{section.0.2}% 4
\BOOKMARK [2][-]{subsection.0.2.2}{}{section.0.2}% 5
\BOOKMARK [1][-]{section.0.3}{\376\377\133\346\232\127\145\271\154\325\202\007\133\346\232\127\153\145\232\137}{section.0.1}% 6
\BOOKMARK [1][-]{section.0.4}{\376\377\133\346\232\127\175\120\147\234}{section.0.1}% 7
\BOOKMARK [1][-]{section.0.5}{\376\377\133\346\232\127\134\017\175\120}{section.0.1}% 8
\BOOKMARK [-1][-]{part.2}{\376\377\000I\000I\000\040\133\346\232\127\116\000\060\001\145\170\144\332\136\253\202\007\210\150\166\204\127\372\147\054\144\315\117\134}{}% 9
\BOOKMARK [0][-]{section.0.6}{\376\377\133\346\232\127\166\356\166\204}{part.2}% 10
\BOOKMARK [1][-]{section.0.7}{\376\377\133\346\232\127\121\147\133\271}{section.0.6}% 11
\BOOKMARK [1][-]{section.0.8}{\376\377\133\346\232\127\145\271\154\325\202\007\133\346\232\127\153\145\232\137}{section.0.6}% 12
\BOOKMARK [1][-]{section.0.9}{\376\377\133\346\232\127\175\120\147\234}{section.0.6}% 13
\BOOKMARK [1][-]{section.0.10}{\376\377\133\346\232\127\134\017\175\120}{section.0.6}% 14
\BOOKMARK [-1][-]{part.3}{\376\377\000I\000I\000I\000\040\133\346\232\127\116\000\060\001\145\170\144\332\136\253\202\007\210\150\166\204\127\372\147\054\144\315\117\134}{}% 15
\BOOKMARK [0][-]{section.0.11}{\376\377\133\346\232\127\166\356\166\204}{part.3}% 16
\BOOKMARK [1][-]{section.0.12}{\376\377\133\346\232\127\121\147\133\271}{section.0.11}% 17
\BOOKMARK [1][-]{section.0.13}{\376\377\133\346\232\127\145\271\154\325\202\007\133\346\232\127\153\145\232\137}{section.0.11}% 18
\BOOKMARK [1][-]{section.0.14}{\376\377\133\346\232\127\175\120\147\234}{section.0.11}% 19
\BOOKMARK [1][-]{section.0.15}{\376\377\133\346\232\127\134\017\175\120}{section.0.11}% 20
\BOOKMARK [-1][-]{part.4}{\376\377\000I\000V\000\040\133\346\232\127\116\000\060\001\145\170\144\332\136\253\202\007\210\150\166\204\127\372\147\054\144\315\117\134}{}% 21
\BOOKMARK [0][-]{section.0.16}{\376\377\133\346\232\127\166\356\166\204}{part.4}% 22
\BOOKMARK [1][-]{section.0.17}{\376\377\133\346\232\127\121\147\133\271}{section.0.16}% 23
\BOOKMARK [1][-]{section.0.18}{\376\377\133\346\232\127\145\271\154\325\202\007\133\346\232\127\153\145\232\137}{section.0.16}% 24
\BOOKMARK [1][-]{section.0.19}{\376\377\133\346\232\127\175\120\147\234}{section.0.16}% 25
\BOOKMARK [1][-]{section.0.20}{\376\377\133\346\232\127\134\017\175\120}{section.0.16}% 26
\BOOKMARK [-1][-]{part.5}{\376\377\000V\000\040\133\346\232\127\116\000\060\001\145\170\144\332\136\253\202\007\210\150\166\204\127\372\147\054\144\315\117\134}{}% 27
\BOOKMARK [0][-]{section.0.21}{\376\377\133\346\232\127\166\356\166\204}{part.5}% 28
\BOOKMARK [1][-]{section.0.22}{\376\377\133\346\232\127\121\147\133\271}{section.0.21}% 29
\BOOKMARK [1][-]{section.0.23}{\376\377\133\346\232\127\145\271\154\325\202\007\133\346\232\127\153\145\232\137}{section.0.21}% 30
\BOOKMARK [1][-]{section.0.24}{\376\377\133\346\232\127\175\120\147\234}{section.0.21}% 31
\BOOKMARK [1][-]{section.0.25}{\376\377\133\346\232\127\134\017\175\120}{section.0.21}% 32
