\BOOKMARK [1][-]{section.1}{\376\377\000P\0006\0003\000\040\173\054\000\040\0003\000\040\230\230}{}% 1
\BOOKMARK [2][-]{subsection.1.1}{\376\377\117\177\165\050\000\040\000C\000\040\142\026\146\057\000\040\000P\000a\000s\000c\000a\000l\000\040\166\204\213\355\212\000\177\026\121\231\217\307\172\013\000\040\000G\000e\000t\000C\000h\000a\000r\060\001\000G\000e\000t\000B\000C\000\040\124\214\000\040\000C\000o\000n\000c\000a\000t}{section.1}% 2
\BOOKMARK [3][-]{subsubsection.1.1.1}{\376\377\000G\000e\000t\000C\000h\000a\000r}{subsection.1.1}% 3
\BOOKMARK [3][-]{subsubsection.1.1.2}{\376\377\000G\000e\000t\000B\000C}{subsection.1.1}% 4
\BOOKMARK [3][-]{subsubsection.1.1.3}{\376\377\000C\000o\000n\000c\000a\000t}{subsection.1.1}% 5
\BOOKMARK [1][-]{section.2}{\376\377\000P\0006\0003\000\040\173\054\000\040\0006\000\040\230\230}{}% 6
\BOOKMARK [2][-]{subsection.2.1}{\376\377\116\344\000\040\000A\060\001\000B\000\040\124\214\000\040\000C\000\040\146\057\116\373\141\017\153\143\211\304\137\017\377\014\213\301\146\016\116\345\116\013\121\163\174\373\142\020\172\313}{section.2}% 7
\BOOKMARK [3][-]{subsubsection.2.1.1}{\376\377\000A\000\040\000A\000\040\000=\000\040\000A}{subsection.2.1}% 8
\BOOKMARK [3][-]{subsubsection.2.1.2}{\376\377\000\050\000A\000\051\000\040\000=\000\040\000A}{subsection.2.1}% 9
\BOOKMARK [3][-]{subsubsection.2.1.3}{\376\377\000A\000\040\000=\000\040\000A\000A}{subsection.2.1}% 10
\BOOKMARK [3][-]{subsubsection.2.1.4}{\376\377\000\050\000A\000B\000\051\000A\000\040\000=\000\040\000A\000\050\000B\000A\000\051}{subsection.2.1}% 11
\BOOKMARK [3][-]{subsubsection.2.1.5}{\376\377\000\050\000A\000\040\000B\000\051\000\040\000=\000\040\000\050\000A\000B\000\051\000\040\000=\000\040\000\050\000A\000\040\000B\000\051}{subsection.2.1}% 12
\BOOKMARK [3][-]{subsubsection.2.1.6}{\376\377\000A\000\040\000=\000\040\000b\000\040\000a\000A\000\040\137\123\116\024\116\305\137\123\000\040\000A\000\040\000=\000\040\000a\000b}{subsection.2.1}% 13
\BOOKMARK [1][-]{section.3}{\376\377\000P\0006\0003\000\040\173\054\000\040\0007\000\040\230\230}{}% 14
\BOOKMARK [2][-]{subsection.3.1}{\376\377\147\204\220\040\116\013\122\027\153\143\122\031\166\370\136\224\166\204\000\040\000D\000F\000A}{section.3}% 15
\BOOKMARK [3][-]{subsubsection.3.1.1}{\376\377\0001\000\050\0000\000\040\0001\000\051\0001\0000\0001}{subsection.3.1}% 16
\BOOKMARK [3][-]{subsubsection.3.1.2}{\376\377\0001\000\050\0001\0000\0001\0000\0001\0001\000\050\0000\0001\0000\000\051\0001\000\051\0000}{subsection.3.1}% 17
\BOOKMARK [3][-]{subsubsection.3.1.3}{\376\377\0000\0001\0000\0001\0000\0001\0000}{subsection.3.1}% 18
\BOOKMARK [3][-]{subsubsection.3.1.4}{\376\377\000\050\0000\0000\000\040\0001\0001\000\051\000\050\000\050\0000\0001\000\040\0001\0000\000\051\000\050\0000\0000\000\040\0001\0001\000\051\000\050\0000\0001\000\040\0001\0000\000\051\000\050\0000\0000\000\040\0001\0001\000\051\000\051}{subsection.3.1}% 19
\BOOKMARK [1][-]{section.4}{\376\377\000P\0006\0003\000\040\173\054\000\040\0009\000\040\230\230}{}% 20
\BOOKMARK [2][-]{subsection.4.1}{\376\377\0000\000,\000\040\0001\000\040\116\012\166\204\124\053\147\011\133\120\116\062\000\040\0000\0001\0000\000\040\166\204\142\100\147\011\116\062}{section.4}% 21
\BOOKMARK [2][-]{subsection.4.2}{\376\377\0000\000,\000\040\0001\000\040\116\012\116\015\124\053\133\120\116\062\000\040\0000\0001\0000\000\040\166\204\142\100\147\011\116\062}{section.4}% 22
\BOOKMARK [1][-]{section.5}{\376\377\000P\0006\0003\000\040\173\054\000\040\0001\0002\000\040\230\230}{}% 23
\BOOKMARK [2][-]{subsection.5.1}{\376\377\000a\000\040\170\156\133\232\123\026\116\016\147\000\134\017\123\026}{section.5}% 24
\BOOKMARK [2][-]{subsection.5.2}{\376\377\000b\000\040\170\156\133\232\123\026\116\016\147\000\134\017\123\026}{section.5}% 25
